Arguments: 
  C:\Program Files\nodejs\node.exe C:\Users\Jamie\AppData\Roaming\npm\node_modules\yarn\bin\yarn.js install

PATH: 
  C:\Program Files (x86)\Common Files\Intel\Shared Libraries\redist\intel64\compiler;C:\Python310\Scripts\;C:\Python310\;C:\Program Files\Common Files\Oracle\Java\javapath;C:\Program Files (x86)\Common Files\Oracle\Java\javapath;C:\WINDOWS\system32;C:\WINDOWS;C:\WINDOWS\System32\Wbem;C:\WINDOWS\System32\WindowsPowerShell\v1.0\;C:\WINDOWS\System32\OpenSSH\;C:\Program Files\dotnet\;C:\Program Files\Microsoft SQL Server\130\Tools\Binn\;C:\Program Files\Microsoft SQL Server\Client SDK\ODBC\170\Tools\Binn\;C:\Program Files (x86)\Microsoft SQL Server\150\Tools\Binn\;C:\Program Files\Microsoft SQL Server\150\Tools\Binn\;C:\Program Files\Microsoft SQL Server\150\DTS\Binn\;C:\Program Files\Git\cmd;C:\Program Files\Go\bin;C:\Program Files\Microsoft\Web Platform Installer\;C:\Program Files\PuTTY\;C:\Program Files\nodejs\;C:\ProgramData\chocolatey\bin;C:\Users\Jamie\AppData\Local\Microsoft\WindowsApps;C:\Users\Jamie\.dotnet\tools;C:\Users\Jamie\AppData\Local\atom\bin;C:\Users\Jamie\AppData\Local\Programs\Microsoft VS Code\bin;C:\Users\Jamie\go\bin;C:\Users\Jamie\.dotnet\tools;C:\Users\Jamie\AppData\Roaming\npm;C:\Users\Jamie\AppData\Local\GitHubDesktop\bin

Yarn version: 
  1.22.17

Node version: 
  16.13.0

Platform: 
  win32 x64

Trace: 
  Error: https://registry.yarnpkg.com/@gothswap%2fsdk: Not found
      at Request.params.callback [as _callback] (C:\Users\Jamie\AppData\Roaming\npm\node_modules\yarn\lib\cli.js:67029:18)
      at Request.self.callback (C:\Users\Jamie\AppData\Roaming\npm\node_modules\yarn\lib\cli.js:140883:22)
      at Request.emit (node:events:390:28)
      at Request.<anonymous> (C:\Users\Jamie\AppData\Roaming\npm\node_modules\yarn\lib\cli.js:141855:10)
      at Request.emit (node:events:390:28)
      at IncomingMessage.<anonymous> (C:\Users\Jamie\AppData\Roaming\npm\node_modules\yarn\lib\cli.js:141777:12)
      at Object.onceWrapper (node:events:509:28)
      at IncomingMessage.emit (node:events:402:35)
      at endReadableNT (node:internal/streams/readable:1343:12)
      at processTicksAndRejections (node:internal/process/task_queues:83:21)

npm manifest: 
  {
    "name": "@gothswap/components",
    "version": "1.0.6",
    "main": "lib/index.js",
    "module": "lib/index.esm.js",
    "engines": {
      "node": ">=14.17.0"
    },
    "scripts": {
      "test": "echo \"Error: no test specified\" && exit 1",
      "lint": "eslint ./src --ext .js,.jsx,.ts,.tsx",
      "lint:fix": "eslint --fix ./src --ext .js,.jsx,.ts,.tsx",
      "lint:staged": "lint-staged",
      "release": "npm run build && npm publish",
      "dev": "rollup -c --watch",
      "build": "rollup -c --environment ENV:production",
      "storybook": "start-storybook -p 6006 -s public -c ./src/.storybook",
      "build-storybook": "build-storybook -s public -c ./src/.storybook",
      "prepare": "husky install",
      "prepublishOnly": "npm run build"
    },
    "lint-staged": {
      "*.{tsx,ts}": [
        "npm run lint:fix"
      ]
    },
    "author": "Pangolin",
    "license": "ISC",
    "devDependencies": {
      "@babel/core": "^7.15.8",
      "@gothswap/sdk": "^1.1.0",
      "@gothswap/token-lists": "^1.0.1",
      "@rollup/plugin-commonjs": "^21.0.0",
      "@rollup/plugin-json": "^4.1.0",
      "@rollup/plugin-node-resolve": "^13.0.5",
      "@storybook/addon-actions": "^6.3.12",
      "@storybook/addon-essentials": "^6.3.12",
      "@storybook/addon-links": "^6.3.12",
      "@storybook/react": "^6.3.12",
      "@types/prop-types": "^15.7.4",
      "@types/react": "^17.0.30",
      "@types/react-is": "^17.0.2",
      "@types/styled-components": "^5.1.15",
      "@types/styled-system": "^5.1.13",
      "@typescript-eslint/eslint-plugin": "^5.0.0",
      "@typescript-eslint/parser": "^5.0.0",
      "babel-loader": "^8.2.2",
      "eslint": "^8.0.1",
      "eslint-config-airbnb": "^18.2.1",
      "eslint-config-prettier": "^8.3.0",
      "eslint-import-resolver-node": "^0.3.6",
      "eslint-plugin-import": "^2.25.2",
      "eslint-plugin-jsx-a11y": "^6.4.1",
      "eslint-plugin-prettier": "^4.0.0",
      "eslint-plugin-react": "^7.26.1",
      "eslint-plugin-react-hooks": "^4.2.0",
      "eslint-plugin-testing-library": "^4.12.4",
      "husky": "^7.0.0",
      "lint-staged": "^11.2.3",
      "prettier": "^2.4.1",
      "prop-types": "^15.7.2",
      "react": "^17.0.2",
      "react-dom": "^17.0.2",
      "react-feather": "^2.0.9",
      "react-is": "^17.0.2",
      "rollup": "^2.58.0",
      "rollup-plugin-cleaner": "^1.0.0",
      "rollup-plugin-peer-deps-external": "^2.2.4",
      "rollup-plugin-typescript2": "^0.30.0",
      "styled-components": "^5.3.1",
      "styled-system": "^5.1.5",
      "tslib": "^2.3.1",
      "typescript": "^4.4.4"
    },
    "peerDependencies": {
      "react": ">=17.0.1",
      "react-dom": ">=17.0.1"
    },
    "directories": {
      "lib": "lib"
    },
    "resolutions": {
      "react": "17.0.2",
      "react-dom": "17.0.2"
    },
    "keywords": [],
    "description": "GothSwap Components",
    "publishConfig": {
      "access": "public"
    },
    "types": "./lib\\index.d.ts"
  }

yarn manifest: 
  No manifest

Lockfile: 
  No lockfile
